<?xml version="1.0" encoding="UTF-8"?>
<!-- Generated by org.testng.reporters.JUnitReportReporter -->
<testsuite hostname="sreekuttysanju" failures="0" tests="1" name="MyTest.CreateSeizureTest" time="43.598" errors="0" timestamp="2022-06-24T12:50:25 CEST" skipped="0">
  <testcase classname="MyTest.CreateSeizureTest" name="locators" time="43.598"/>
  <system-out/>
</testsuite> <!-- MyTest.CreateSeizureTest -->
