<?xml version="1.0" encoding="UTF-8"?>
<!-- Generated by org.testng.reporters.JUnitReportReporter -->
<testsuite hostname="sreekuttysanju" failures="0" tests="1" name="LocaterTest" time="0.122" errors="0" timestamp="2022-06-21T15:02:58 CEST" skipped="0">
  <testcase classname="LocaterTest" name="locators" time="0.122"/>
  <system-out/>
</testsuite> <!-- LocaterTest -->
