<?xml version="1.0" encoding="UTF-8"?>
<!-- Generated by org.testng.reporters.JUnitReportReporter -->
<testsuite hostname="sreekuttysanju" failures="0" tests="1" name="MyTest.LocaterTest" time="0.833" errors="0" timestamp="2022-06-21T15:17:36 CEST" skipped="0">
  <testcase classname="MyTest.LocaterTest" name="locators" time="0.833"/>
  <system-out/>
</testsuite> <!-- MyTest.LocaterTest -->
