<?xml version="1.0" encoding="UTF-8"?>
<!-- Generated by org.testng.reporters.JUnitReportReporter -->
<testsuite hostname="sreekuttysanju" failures="0" tests="1" name="UsernameTest" time="0.090" errors="0" timestamp="2022-06-21T15:03:22 CEST" skipped="0">
  <testcase classname="UsernameTest" name="locators" time="0.090"/>
  <system-out/>
</testsuite> <!-- UsernameTest -->
