<?xml version="1.0" encoding="UTF-8"?>
<!-- Generated by org.testng.reporters.JUnitReportReporter -->
<testsuite hostname="sreekuttysanju" failures="0" tests="1" name="TestPackage.CreateSeizureTest" time="43.049" errors="0" timestamp="2022-06-24T18:43:35 CEST" skipped="0">
  <testcase classname="TestPackage.CreateSeizureTest" name="locators" time="43.049"/>
  <system-out/>
</testsuite> <!-- TestPackage.CreateSeizureTest -->
