<?xml version="1.0" encoding="UTF-8"?>
<!-- Generated by org.testng.reporters.JUnitReportReporter -->
<testsuite hostname="sreekuttysanju" failures="0" tests="1" name="MyTest.UsernameTest" time="0.718" errors="0" timestamp="2022-06-21T15:29:00 CEST" skipped="0">
  <testcase classname="MyTest.UsernameTest" name="locators" time="0.718"/>
  <system-out/>
</testsuite> <!-- MyTest.UsernameTest -->
